[17-Jan-2025 18:50:03 UTC] PHP Warning:  Undefined variable $db_host in C:\laragon\www\Urbansiana - Reporter\backend\auth.php on line 60
[17-Jan-2025 18:50:03 UTC] PHP Warning:  Undefined variable $db_name in C:\laragon\www\Urbansiana - Reporter\backend\auth.php on line 60
[17-Jan-2025 18:50:03 UTC] PHP Warning:  Undefined variable $db_user in C:\laragon\www\Urbansiana - Reporter\backend\auth.php on line 60
[17-Jan-2025 18:50:03 UTC] PHP Warning:  Undefined variable $db_pass in C:\laragon\www\Urbansiana - Reporter\backend\auth.php on line 60
[17-Jan-2025 18:50:03 UTC] Database connection error: SQLSTATE[HY000] [1045] Access denied for user ''@'localhost' (using password: NO)
[17-Jan-2025 18:50:03 UTC] Application error: Gagal terhubung ke database
[17-Jan-2025 18:50:29 UTC] Application error: Method tidak diizinkan
[17-Jan-2025 18:54:36 UTC] PHP Warning:  Undefined variable $db_host in C:\laragon\www\Urbansiana - Reporter\backend\auth.php on line 60
[17-Jan-2025 18:54:36 UTC] PHP Warning:  Undefined variable $db_name in C:\laragon\www\Urbansiana - Reporter\backend\auth.php on line 60
[17-Jan-2025 18:54:36 UTC] PHP Warning:  Undefined variable $db_user in C:\laragon\www\Urbansiana - Reporter\backend\auth.php on line 60
[17-Jan-2025 18:54:36 UTC] PHP Warning:  Undefined variable $db_pass in C:\laragon\www\Urbansiana - Reporter\backend\auth.php on line 60
[17-Jan-2025 18:54:37 UTC] Database connection error: SQLSTATE[HY000] [1045] Access denied for user ''@'localhost' (using password: NO)
[17-Jan-2025 18:54:37 UTC] Application error: Gagal terhubung ke database
[17-Jan-2025 18:56:18 UTC] PHP Warning:  require_once(C:\laragon\www\Urbansiana - Reporter\backendconfig.php): Failed to open stream: No such file or directory in C:\laragon\www\Urbansiana - Reporter\backend\auth.php on line 55
[17-Jan-2025 18:56:18 UTC] PHP Fatal error:  Uncaught Error: Failed opening required 'C:\laragon\www\Urbansiana - Reporter\backendconfig.php' (include_path='.;C:/laragon/etc/php/pear') in C:\laragon\www\Urbansiana - Reporter\backend\auth.php:55
Stack trace:
#0 {main}
  thrown in C:\laragon\www\Urbansiana - Reporter\backend\auth.php on line 55
[17-Jan-2025 18:59:07 UTC] PHP Warning:  require_once(C:\laragon\www\Urbansiana - Reporter\backendconfig.php): Failed to open stream: No such file or directory in C:\laragon\www\Urbansiana - Reporter\backend\auth.php on line 55
[17-Jan-2025 18:59:07 UTC] PHP Fatal error:  Uncaught Error: Failed opening required 'C:\laragon\www\Urbansiana - Reporter\backendconfig.php' (include_path='.;C:/laragon/etc/php/pear') in C:\laragon\www\Urbansiana - Reporter\backend\auth.php:55
Stack trace:
#0 {main}
  thrown in C:\laragon\www\Urbansiana - Reporter\backend\auth.php on line 55
[17-Jan-2025 19:01:04 UTC] PHP Warning:  Undefined variable $db_host in C:\laragon\www\Urbansiana - Reporter\backend\auth.php on line 60
[17-Jan-2025 19:01:04 UTC] PHP Warning:  Undefined variable $db_name in C:\laragon\www\Urbansiana - Reporter\backend\auth.php on line 60
[17-Jan-2025 19:01:04 UTC] PHP Warning:  Undefined variable $db_user in C:\laragon\www\Urbansiana - Reporter\backend\auth.php on line 60
[17-Jan-2025 19:01:04 UTC] PHP Warning:  Undefined variable $db_pass in C:\laragon\www\Urbansiana - Reporter\backend\auth.php on line 60
[17-Jan-2025 19:01:04 UTC] Database connection error: SQLSTATE[HY000] [1045] Access denied for user ''@'localhost' (using password: NO)
[17-Jan-2025 19:01:04 UTC] Application error: Gagal terhubung ke database
[17-Jan-2025 19:02:16 UTC] PHP Warning:  Undefined array key "REQUEST_METHOD" in C:\laragon\www\Urbansiana - Reporter\backend\auth.php on line 15
[17-Jan-2025 19:02:16 UTC] PHP Warning:  Undefined array key "REQUEST_METHOD" in C:\laragon\www\Urbansiana - Reporter\backend\auth.php on line 33
[17-Jan-2025 19:02:16 UTC] Application error: Method tidak diizinkan
